[INFO] Scanning for projects...
[INFO]                                                                         
[INFO] ------------------------------------------------------------------------
[INFO] Building seleniumtest 1.0-SNAPSHOT
[INFO] ------------------------------------------------------------------------
[INFO] 
[INFO] --- maven-resources-plugin:2.6:resources (default-resources) @ seleniumtest ---
[INFO] Using 'UTF-8' encoding to copy filtered resources.
[INFO] Copying 0 resource
[INFO] 
[INFO] --- maven-compiler-plugin:3.7.0:compile (default-compile) @ seleniumtest ---
[INFO] No sources to compile
[INFO] 
[INFO] --- maven-resources-plugin:2.6:testResources (default-testResources) @ seleniumtest ---
[INFO] Using 'UTF-8' encoding to copy filtered resources.
[INFO] skip non existing resourceDirectory /home/ufficio/entando_json/entando-QE/Selenium_TESTS_18_Luglio/src/test/resources
[INFO] 
[INFO] --- maven-compiler-plugin:3.7.0:testCompile (default-testCompile) @ seleniumtest ---
[INFO] Nothing to compile - all classes are up to date
[INFO] 
[INFO] --- maven-surefire-plugin:2.19.1:test (default-test) @ seleniumtest ---

-------------------------------------------------------
 T E S T S
-------------------------------------------------------
Running org.entando.selenium.tests.DTDataModelsSearchTest
Tests run: 1, Failures: 0, Errors: 0, Skipped: 0, Time elapsed: 30.005 sec - in org.entando.selenium.tests.DTDataModelsSearchTest
Running org.entando.selenium.tests.DTDataModelsDeleteTest
Tests run: 1, Failures: 0, Errors: 0, Skipped: 0, Time elapsed: 15.376 sec - in org.entando.selenium.tests.DTDataModelsDeleteTest
Running org.entando.selenium.tests.DTDataModelsEditTest
Tests run: 1, Failures: 0, Errors: 0, Skipped: 0, Time elapsed: 24.713 sec - in org.entando.selenium.tests.DTDataModelsEditTest
Running org.entando.selenium.tests.DTDataModelsAddTest
Tests run: 1, Failures: 0, Errors: 0, Skipped: 0, Time elapsed: 18.593 sec - in org.entando.selenium.tests.DTDataModelsAddTest
Running org.entando.selenium.tests.DTDataModelsListTest
Tests run: 1, Failures: 0, Errors: 0, Skipped: 0, Time elapsed: 16.779 sec - in org.entando.selenium.tests.DTDataModelsListTest

Results :

Tests run: 5, Failures: 0, Errors: 0, Skipped: 0

[INFO] ------------------------------------------------------------------------
[INFO] BUILD SUCCESS
[INFO] ------------------------------------------------------------------------
[INFO] Total time: 01:48 min
[INFO] Finished at: 2018-08-02T11:45:38+02:00
[INFO] Final Memory: 19M/500M
[INFO] ------------------------------------------------------------------------
